[debug] [2023-02-07T10:26:46.738Z] ----------------------------------------------------------------------
[debug] [2023-02-07T10:26:46.741Z] Command:       /Users/sroda/.nvm/versions/node/v18.0.0/bin/node /Users/sroda/.nvm/versions/node/v18.0.0/bin/firebase deploy
[debug] [2023-02-07T10:26:46.742Z] CLI Version:   11.22.0
[debug] [2023-02-07T10:26:46.742Z] Platform:      darwin
[debug] [2023-02-07T10:26:46.743Z] Node Version:  v18.0.0
[debug] [2023-02-07T10:26:46.744Z] Time:          Tue Feb 07 2023 10:26:46 GMT+0000 (Greenwich Mean Time)
[debug] [2023-02-07T10:26:46.745Z] ----------------------------------------------------------------------
[debug] 
[debug] [2023-02-07T10:26:46.840Z] > command requires scopes: ["email","openid","https://www.googleapis.com/auth/cloudplatformprojects.readonly","https://www.googleapis.com/auth/firebase","https://www.googleapis.com/auth/cloud-platform"]
[debug] [2023-02-07T10:26:46.841Z] > authorizing via signed-in user (mensahsrora36@gmail.com)
[debug] [2023-02-07T10:26:46.841Z] [iam] checking project tinasrora for permissions ["firebase.projects.get","firebasehosting.sites.update"]
[debug] [2023-02-07T10:26:46.845Z] >>> [apiv2][query] POST https://cloudresourcemanager.googleapis.com/v1/projects/tinasrora:testIamPermissions [none]
[debug] [2023-02-07T10:26:46.845Z] >>> [apiv2][(partial)header] POST https://cloudresourcemanager.googleapis.com/v1/projects/tinasrora:testIamPermissions x-goog-quota-user=projects/tinasrora
[debug] [2023-02-07T10:26:46.846Z] >>> [apiv2][body] POST https://cloudresourcemanager.googleapis.com/v1/projects/tinasrora:testIamPermissions {"permissions":["firebase.projects.get","firebasehosting.sites.update"]}
[debug] [2023-02-07T10:26:48.368Z] <<< [apiv2][status] POST https://cloudresourcemanager.googleapis.com/v1/projects/tinasrora:testIamPermissions 200
[debug] [2023-02-07T10:26:48.368Z] <<< [apiv2][body] POST https://cloudresourcemanager.googleapis.com/v1/projects/tinasrora:testIamPermissions {"permissions":["firebase.projects.get","firebasehosting.sites.update"]}
[debug] [2023-02-07T10:26:48.369Z] >>> [apiv2][query] GET https://firebase.googleapis.com/v1beta1/projects/tinasrora [none]
[debug] [2023-02-07T10:26:49.276Z] <<< [apiv2][status] GET https://firebase.googleapis.com/v1beta1/projects/tinasrora 200
[debug] [2023-02-07T10:26:49.276Z] <<< [apiv2][body] GET https://firebase.googleapis.com/v1beta1/projects/tinasrora {"projectId":"tinasrora","projectNumber":"912470127597","displayName":"sikaman-news-twi","name":"projects/tinasrora","resources":{"hostingSite":"tinasrora","realtimeDatabaseInstance":"tinasrora","storageBucket":"tinasrora.appspot.com","locationId":"us-central"},"state":"ACTIVE","etag":"1_bc8ed5b6-f380-4385-abf9-d75d296a8ad7"}
[debug] [2023-02-07T10:26:52.573Z] >>> [apiv2][query] GET https://firebasehosting.googleapis.com/v1beta1/projects/tinasrora/sites pageToken=&pageSize=10
[debug] [2023-02-07T10:26:57.204Z] <<< [apiv2][status] GET https://firebasehosting.googleapis.com/v1beta1/projects/tinasrora/sites 200
[debug] [2023-02-07T10:26:57.204Z] <<< [apiv2][body] GET https://firebasehosting.googleapis.com/v1beta1/projects/tinasrora/sites {"sites":[{"name":"projects/tinasrora/sites/tinasrora","defaultUrl":"https://tinasrora.web.app","type":"DEFAULT_SITE"}]}
[debug] [2023-02-07T10:26:57.205Z] >>> [apiv2][query] GET https://firebasehosting.googleapis.com/v1beta1/projects/tinasrora/sites 
[debug] [2023-02-07T10:26:58.437Z] <<< [apiv2][status] GET https://firebasehosting.googleapis.com/v1beta1/projects/tinasrora/sites 200
[debug] [2023-02-07T10:26:58.437Z] <<< [apiv2][body] GET https://firebasehosting.googleapis.com/v1beta1/projects/tinasrora/sites {"sites":[{"name":"projects/tinasrora/sites/tinasrora","defaultUrl":"https://tinasrora.web.app","type":"DEFAULT_SITE"}]}
[debug] [2023-02-07T10:26:58.438Z] >>> [apiv2][query] GET https://firebase.googleapis.com/v1beta1/projects/tinasrora/webApps/-/config [none]
[debug] [2023-02-07T10:26:59.747Z] <<< [apiv2][status] GET https://firebase.googleapis.com/v1beta1/projects/tinasrora/webApps/-/config 200
[debug] [2023-02-07T10:26:59.748Z] <<< [apiv2][body] GET https://firebase.googleapis.com/v1beta1/projects/tinasrora/webApps/-/config {"projectId":"tinasrora","appId":"1:912470127597:web:0d5a128e831288c00b6de4","databaseURL":"https://tinasrora.firebaseio.com","storageBucket":"tinasrora.appspot.com","locationId":"us-central","apiKey":"AIzaSyASm1L3IjyDnKKIKsLBDyKAPStj06rMcfA","authDomain":"tinasrora.firebaseapp.com","messagingSenderId":"912470127597","measurementId":"G-GLL04LF17K"}
[info] 
[info] === Deploying to 'tinasrora'...
[info] 
[info] i  deploying functions, hosting 
[debug] [2023-02-07T10:28:23.302Z] >>> [apiv2][query] GET https://firebase.googleapis.com/v1beta1/projects/tinasrora [none]
[debug] [2023-02-07T10:28:24.174Z] <<< [apiv2][status] GET https://firebase.googleapis.com/v1beta1/projects/tinasrora 200
[debug] [2023-02-07T10:28:24.174Z] <<< [apiv2][body] GET https://firebase.googleapis.com/v1beta1/projects/tinasrora {"projectId":"tinasrora","projectNumber":"912470127597","displayName":"sikaman-news-twi","name":"projects/tinasrora","resources":{"hostingSite":"tinasrora","realtimeDatabaseInstance":"tinasrora","storageBucket":"tinasrora.appspot.com","locationId":"us-central"},"state":"ACTIVE","etag":"1_bc8ed5b6-f380-4385-abf9-d75d296a8ad7"}
[info] i  functions: preparing codebase firebase-frameworks-tinasrora for deployment 
[info] i  functions: ensuring required API cloudfunctions.googleapis.com is enabled... 
[info] i  functions: ensuring required API cloudbuild.googleapis.com is enabled... 
[info] i  artifactregistry: ensuring required API artifactregistry.googleapis.com is enabled... 
[debug] [2023-02-07T10:28:24.182Z] >>> [apiv2][query] GET https://serviceusage.googleapis.com/v1/projects/tinasrora/services/cloudfunctions.googleapis.com [none]
[debug] [2023-02-07T10:28:24.183Z] >>> [apiv2][(partial)header] GET https://serviceusage.googleapis.com/v1/projects/tinasrora/services/cloudfunctions.googleapis.com x-goog-quota-user=projects/tinasrora
[debug] [2023-02-07T10:28:24.194Z] >>> [apiv2][query] GET https://serviceusage.googleapis.com/v1/projects/tinasrora/services/runtimeconfig.googleapis.com [none]
[debug] [2023-02-07T10:28:24.194Z] >>> [apiv2][(partial)header] GET https://serviceusage.googleapis.com/v1/projects/tinasrora/services/runtimeconfig.googleapis.com x-goog-quota-user=projects/tinasrora
[debug] [2023-02-07T10:28:24.202Z] >>> [apiv2][query] GET https://serviceusage.googleapis.com/v1/projects/tinasrora/services/cloudbuild.googleapis.com [none]
[debug] [2023-02-07T10:28:24.203Z] >>> [apiv2][(partial)header] GET https://serviceusage.googleapis.com/v1/projects/tinasrora/services/cloudbuild.googleapis.com x-goog-quota-user=projects/tinasrora
[debug] [2023-02-07T10:28:24.209Z] >>> [apiv2][query] GET https://serviceusage.googleapis.com/v1/projects/tinasrora/services/artifactregistry.googleapis.com [none]
[debug] [2023-02-07T10:28:24.209Z] >>> [apiv2][(partial)header] GET https://serviceusage.googleapis.com/v1/projects/tinasrora/services/artifactregistry.googleapis.com x-goog-quota-user=projects/tinasrora
[debug] [2023-02-07T10:28:25.969Z] <<< [apiv2][status] GET https://serviceusage.googleapis.com/v1/projects/tinasrora/services/artifactregistry.googleapis.com 200
[debug] [2023-02-07T10:28:25.970Z] <<< [apiv2][body] GET https://serviceusage.googleapis.com/v1/projects/tinasrora/services/artifactregistry.googleapis.com [omitted]
[info] ✔  artifactregistry: required API artifactregistry.googleapis.com is enabled 
[debug] [2023-02-07T10:28:26.112Z] <<< [apiv2][status] GET https://serviceusage.googleapis.com/v1/projects/tinasrora/services/runtimeconfig.googleapis.com 200
[debug] [2023-02-07T10:28:26.112Z] <<< [apiv2][body] GET https://serviceusage.googleapis.com/v1/projects/tinasrora/services/runtimeconfig.googleapis.com [omitted]
[debug] [2023-02-07T10:28:26.162Z] <<< [apiv2][status] GET https://serviceusage.googleapis.com/v1/projects/tinasrora/services/cloudbuild.googleapis.com 200
[debug] [2023-02-07T10:28:26.162Z] <<< [apiv2][body] GET https://serviceusage.googleapis.com/v1/projects/tinasrora/services/cloudbuild.googleapis.com [omitted]
[info] ✔  functions: required API cloudbuild.googleapis.com is enabled 
[debug] [2023-02-07T10:28:26.292Z] <<< [apiv2][status] GET https://serviceusage.googleapis.com/v1/projects/tinasrora/services/cloudfunctions.googleapis.com 200
[debug] [2023-02-07T10:28:26.292Z] <<< [apiv2][body] GET https://serviceusage.googleapis.com/v1/projects/tinasrora/services/cloudfunctions.googleapis.com [omitted]
[info] ✔  functions: required API cloudfunctions.googleapis.com is enabled 
[debug] [2023-02-07T10:28:26.293Z] >>> [apiv2][query] GET https://firebase.googleapis.com/v1beta1/projects/tinasrora/adminSdkConfig [none]
[debug] [2023-02-07T10:28:27.094Z] <<< [apiv2][status] GET https://firebase.googleapis.com/v1beta1/projects/tinasrora/adminSdkConfig 200
[debug] [2023-02-07T10:28:27.094Z] <<< [apiv2][body] GET https://firebase.googleapis.com/v1beta1/projects/tinasrora/adminSdkConfig {"projectId":"tinasrora","databaseURL":"https://tinasrora.firebaseio.com","storageBucket":"tinasrora.appspot.com","locationId":"us-central"}
[debug] [2023-02-07T10:28:27.095Z] >>> [apiv2][query] GET https://runtimeconfig.googleapis.com/v1beta1/projects/tinasrora/configs [none]
[debug] [2023-02-07T10:28:28.187Z] <<< [apiv2][status] GET https://runtimeconfig.googleapis.com/v1beta1/projects/tinasrora/configs 200
[debug] [2023-02-07T10:28:28.187Z] <<< [apiv2][body] GET https://runtimeconfig.googleapis.com/v1beta1/projects/tinasrora/configs {}
[debug] [2023-02-07T10:28:28.191Z] Validating nodejs source
[debug] [2023-02-07T10:28:30.821Z] > [functions] package.json contents: {
  "private": true,
  "scripts": {
    "dev": "next dev",
    "build": "next build",
    "start": "next start"
  },
  "dependencies": {
    "@cloudinary/react": "^1.9.0",
    "@cloudinary/url-gen": "^1.8.7",
    "@headlessui/react": "^1.7.8",
    "@heroicons/react": "^2.0.14",
    "@tanem/react-nprogress": "^5.0.25",
    "axios": "^1.2.6",
    "dayjs": "^1.11.7",
    "firebase": "^9.16.0",
    "firebase-functions": "^4.2.1",
    "gray-matter": "^4.0.3",
    "next": "latest",
    "next-share": "^0.19.0",
    "react": "18.2.0",
    "react-audio-player": "^0.17.0",
    "react-dom": "18.2.0",
    "react-icons": "^4.7.1",
    "reading-time": "^1.5.0",
    "remark": "^14.0.2",
    "remark-html": "^15.0.1",
    "sharp": "^0.31.3",
    "zustand": "^4.3.2",
    "firebase-frameworks": "^0.6.0",
    "firebase-admin": "^11.0.1"
  },
  "main": "server.js",
  "engines": {
    "node": "18"
  }
}
[debug] [2023-02-07T10:28:30.823Z] Building nodejs source
[debug] [2023-02-07T10:28:30.825Z] Found functions.yaml. Got spec: {
  "endpoints": {
    "ssrtinasrora": {
      "platform": "gcfv2",
      "region": [
        "us-central1"
      ],
      "labels": {},
      "httpsTrigger": {},
      "entryPoint": "ssr"
    }
  },
  "specVersion": "v1alpha1",
  "requiredAPIs": []
}
[info] i  functions: Loaded environment variables from .env. 
[info] i  functions: preparing .firebase/tinasrora/functions directory for uploading... 
[info] i  functions: packaged /Users/sroda/Documents/sikaman-news-blog/.firebase/tinasrora/functions (95.54 MB) for uploading 
[debug] [2023-02-07T10:28:44.958Z] >>> [apiv2][query] GET https://cloudfunctions.googleapis.com/v1/projects/tinasrora/locations/-/functions [none]
[debug] [2023-02-07T10:28:46.651Z] <<< [apiv2][status] GET https://cloudfunctions.googleapis.com/v1/projects/tinasrora/locations/-/functions 200
[debug] [2023-02-07T10:28:46.651Z] <<< [apiv2][body] GET https://cloudfunctions.googleapis.com/v1/projects/tinasrora/locations/-/functions {"functions":[{"name":"projects/tinasrora/locations/us-central1/functions/api","httpsTrigger":{"url":"https://us-central1-tinasrora.cloudfunctions.net/api","securityLevel":"SECURE_OPTIONAL"},"status":"ACTIVE","entryPoint":"api","timeout":"60s","availableMemoryMb":256,"serviceAccountEmail":"tinasrora@appspot.gserviceaccount.com","updateTime":"2022-03-03T13:29:52.394Z","versionId":"136","labels":{"deployment-tool":"cli-firebase"},"sourceUploadUrl":"https://storage.googleapis.com/gcf-upload-us-central1-9a3dea8b-0d53-41ac-a4ec-03b837f04adf/fc19ecf4-dc46-4cf6-8f20-efdcf46c0d8c.zip","environmentVariables":{"FIREBASE_CONFIG":"{\"projectId\":\"tinasrora\",\"databaseURL\":\"https://tinasrora.firebaseio.com\",\"storageBucket\":\"tinasrora.appspot.com\",\"locationId\":\"us-central\"}","GCLOUD_PROJECT":"tinasrora"},"runtime":"nodejs12","ingressSettings":"ALLOW_ALL","buildId":"8b1608e5-893f-438c-b8d0-5ee744b1acbc","buildName":"projects/912470127597/locations/us-central1/builds/8b1608e5-893f-438c-b8d0-5ee744b1acbc","dockerRegistry":"CONTAINER_REGISTRY"},{"name":"projects/tinasrora/locations/us-central1/functions/createNotificationOnLike","eventTrigger":{"eventType":"providers/cloud.firestore/eventTypes/document.create","resource":"projects/tinasrora/databases/(default)/documents/likes/{id}","service":"firestore.googleapis.com","failurePolicy":{}},"status":"ACTIVE","entryPoint":"createNotificationOnLike","timeout":"60s","availableMemoryMb":256,"serviceAccountEmail":"tinasrora@appspot.gserviceaccount.com","updateTime":"2022-03-03T13:29:59.517Z","versionId":"80","labels":{"deployment-tool":"cli-firebase"},"sourceUploadUrl":"https://storage.googleapis.com/gcf-upload-us-central1-9a3dea8b-0d53-41ac-a4ec-03b837f04adf/fc19ecf4-dc46-4cf6-8f20-efdcf46c0d8c.zip","environmentVariables":{"FIREBASE_CONFIG":"{\"projectId\":\"tinasrora\",\"databaseURL\":\"https://tinasrora.firebaseio.com\",\"storageBucket\":\"tinasrora.appspot.com\",\"locationId\":\"us-central\"}","GCLOUD_PROJECT":"tinasrora"},"runtime":"nodejs12","ingressSettings":"ALLOW_ALL","buildId":"8b1608e5-893f-438c-b8d0-5ee744b1acbc","buildName":"projects/912470127597/locations/us-central1/builds/8b1608e5-893f-438c-b8d0-5ee744b1acbc","dockerRegistry":"CONTAINER_REGISTRY"},{"name":"projects/tinasrora/locations/us-central1/functions/createNotificationOncomment","eventTrigger":{"eventType":"providers/cloud.firestore/eventTypes/document.create","resource":"projects/tinasrora/databases/(default)/documents/comments/{id}","service":"firestore.googleapis.com","failurePolicy":{}},"status":"ACTIVE","entryPoint":"createNotificationOncomment","timeout":"60s","availableMemoryMb":256,"serviceAccountEmail":"tinasrora@appspot.gserviceaccount.com","updateTime":"2022-03-03T13:29:58.686Z","versionId":"79","labels":{"deployment-tool":"cli-firebase"},"sourceUploadUrl":"https://storage.googleapis.com/gcf-upload-us-central1-9a3dea8b-0d53-41ac-a4ec-03b837f04adf/fc19ecf4-dc46-4cf6-8f20-efdcf46c0d8c.zip","environmentVariables":{"FIREBASE_CONFIG":"{\"projectId\":\"tinasrora\",\"databaseURL\":\"https://tinasrora.firebaseio.com\",\"storageBucket\":\"tinasrora.appspot.com\",\"locationId\":\"us-central\"}","GCLOUD_PROJECT":"tinasrora"},"runtime":"nodejs12","ingressSettings":"ALLOW_ALL","buildId":"8b1608e5-893f-438c-b8d0-5ee744b1acbc","buildName":"projects/912470127597/locations/us-central1/builds/8b1608e5-893f-438c-b8d0-5ee744b1acbc","dockerRegistry":"CONTAINER_REGISTRY"},{"name":"projects/tinasrora/locations/us-central1/functions/deleteNotificationOnUnLike","eventTrigger":{"eventType":"providers/cloud.firestore/eventTypes/document.delete","resource":"projects/tinasrora/databases/(default)/documents/likes/{id}","service":"firestore.googleapis.com","failurePolicy":{}},"status":"ACTIVE","entryPoint":"deleteNotificationOnUnLike","timeout":"60s","availableMemoryMb":256,"serviceAccountEmail":"tinasrora@appspot.gserviceaccount.com","updateTime":"2022-03-03T13:29:53.353Z","versionId":"78","labels":{"deployment-tool":"cli-firebase"},"sourceUploadUrl":"https://storage.googleapis.com/gcf-upload-us-central1-9a3dea8b-0d53-41ac-a4ec-03b837f04adf/fc19ecf4-dc46-4cf6-8f20-efdcf46c0d8c.zip","environmentVariables":{"FIREBASE_CONFIG":"{\"projectId\":\"tinasrora\",\"databaseURL\":\"https://tinasrora.firebaseio.com\",\"storageBucket\":\"tinasrora.appspot.com\",\"locationId\":\"us-central\"}","GCLOUD_PROJECT":"tinasrora"},"runtime":"nodejs12","ingressSettings":"ALLOW_ALL","buildId":"8b1608e5-893f-438c-b8d0-5ee744b1acbc","buildName":"projects/912470127597/locations/us-central1/builds/8b1608e5-893f-438c-b8d0-5ee744b1acbc","dockerRegistry":"CONTAINER_REGISTRY"},{"name":"projects/tinasrora/locations/us-central1/functions/onPostDelete","eventTrigger":{"eventType":"providers/cloud.firestore/eventTypes/document.delete","resource":"projects/tinasrora/databases/(default)/documents/posts/{postId}","service":"firestore.googleapis.com","failurePolicy":{}},"status":"ACTIVE","entryPoint":"onPostDelete","timeout":"60s","availableMemoryMb":256,"serviceAccountEmail":"tinasrora@appspot.gserviceaccount.com","updateTime":"2022-03-03T13:29:55.439Z","versionId":"20","labels":{"deployment-tool":"cli-firebase"},"sourceUploadUrl":"https://storage.googleapis.com/gcf-upload-us-central1-9a3dea8b-0d53-41ac-a4ec-03b837f04adf/fc19ecf4-dc46-4cf6-8f20-efdcf46c0d8c.zip","environmentVariables":{"FIREBASE_CONFIG":"{\"projectId\":\"tinasrora\",\"databaseURL\":\"https://tinasrora.firebaseio.com\",\"storageBucket\":\"tinasrora.appspot.com\",\"locationId\":\"us-central\"}","GCLOUD_PROJECT":"tinasrora"},"runtime":"nodejs12","ingressSettings":"ALLOW_ALL","buildId":"8b1608e5-893f-438c-b8d0-5ee744b1acbc","buildName":"projects/912470127597/locations/us-central1/builds/8b1608e5-893f-438c-b8d0-5ee744b1acbc","dockerRegistry":"CONTAINER_REGISTRY"},{"name":"projects/tinasrora/locations/us-central1/functions/onUserImageChange","eventTrigger":{"eventType":"providers/cloud.firestore/eventTypes/document.update","resource":"projects/tinasrora/databases/(default)/documents/users/{userId}","service":"firestore.googleapis.com","failurePolicy":{}},"status":"ACTIVE","entryPoint":"onUserImageChange","timeout":"60s","availableMemoryMb":256,"serviceAccountEmail":"tinasrora@appspot.gserviceaccount.com","updateTime":"2022-03-03T13:29:55.350Z","versionId":"73","labels":{"deployment-tool":"cli-firebase"},"sourceUploadUrl":"https://storage.googleapis.com/gcf-upload-us-central1-9a3dea8b-0d53-41ac-a4ec-03b837f04adf/fc19ecf4-dc46-4cf6-8f20-efdcf46c0d8c.zip","environmentVariables":{"FIREBASE_CONFIG":"{\"projectId\":\"tinasrora\",\"databaseURL\":\"https://tinasrora.firebaseio.com\",\"storageBucket\":\"tinasrora.appspot.com\",\"locationId\":\"us-central\"}","GCLOUD_PROJECT":"tinasrora"},"runtime":"nodejs12","ingressSettings":"ALLOW_ALL","buildId":"8b1608e5-893f-438c-b8d0-5ee744b1acbc","buildName":"projects/912470127597/locations/us-central1/builds/8b1608e5-893f-438c-b8d0-5ee744b1acbc","dockerRegistry":"CONTAINER_REGISTRY"}]}
[debug] [2023-02-07T10:28:46.655Z] >>> [apiv2][query] GET https://cloudfunctions.googleapis.com/v2/projects/tinasrora/locations/-/functions filter=environment%3D%22GEN_2%22
[debug] [2023-02-07T10:28:48.103Z] <<< [apiv2][status] GET https://cloudfunctions.googleapis.com/v2/projects/tinasrora/locations/-/functions 200
[debug] [2023-02-07T10:28:48.103Z] <<< [apiv2][body] GET https://cloudfunctions.googleapis.com/v2/projects/tinasrora/locations/-/functions {"functions":[{"name":"projects/tinasrora/locations/us-central1/functions/ssrtinasrora","buildConfig":{"build":"projects/912470127597/locations/us-central1/builds/abcbcb25-3101-4653-979d-9752f3783945","runtime":"nodejs18","entryPoint":"ssr","source":{"storageSource":{"bucket":"gcf-v2-sources-912470127597-us-central1","object":"ssrtinasrora/function-source.zip"}},"sourceProvenance":{"resolvedStorageSource":{"bucket":"gcf-v2-sources-912470127597-us-central1","object":"ssrtinasrora/function-source.zip","generation":"1675764202748276"}}},"state":"FAILED","updateTime":"2023-02-07T10:04:46.886205961Z","labels":{"deployment-tool":"cli-firebase","firebase-functions-codebase":"firebase-frameworks-tinasrora","firebase-functions-hash":"84ba2ba60a93c4735dbd285306670c217843f9bd"},"stateMessages":[{"severity":"ERROR","type":"CloudRunServiceNotFound","message":"Cloud Run service projects/tinasrora/locations/us-central1/services/ssrtinasrora for the function was not found. The function will not work correctly. Please redeploy."}],"environment":"GEN_2"}]}
[debug] [2023-02-07T10:28:49.471Z] TypeError: Cannot read properties of undefined (reading 'service')
    at /Users/sroda/.nvm/versions/node/v18.0.0/lib/node_modules/firebase-tools/lib/deploy/functions/backend.js:198:113
    at Array.map (<anonymous>)
    at loadExistingBackend (/Users/sroda/.nvm/versions/node/v18.0.0/lib/node_modules/firebase-tools/lib/deploy/functions/backend.js:198:69)
    at process.processTicksAndRejections (node:internal/process/task_queues:95:5)
    at async Object.existingBackend (/Users/sroda/.nvm/versions/node/v18.0.0/lib/node_modules/firebase-tools/lib/deploy/functions/backend.js:174:9)
    at async prepare (/Users/sroda/.nvm/versions/node/v18.0.0/lib/node_modules/firebase-tools/lib/deploy/functions/prepare.js:138:115)
    at async chain (/Users/sroda/.nvm/versions/node/v18.0.0/lib/node_modules/firebase-tools/lib/deploy/index.js:35:9)
    at async deploy (/Users/sroda/.nvm/versions/node/v18.0.0/lib/node_modules/firebase-tools/lib/deploy/index.js:79:5)
[error] 
[error] Error: An unexpected error has occurred.
[debug] [2023-02-07T10:41:22.302Z] ----------------------------------------------------------------------
[debug] [2023-02-07T10:41:22.304Z] Command:       /Users/sroda/.nvm/versions/node/v18.0.0/bin/node /Users/sroda/.nvm/versions/node/v18.0.0/bin/firebase deploy
[debug] [2023-02-07T10:41:22.306Z] CLI Version:   11.22.0
[debug] [2023-02-07T10:41:22.306Z] Platform:      darwin
[debug] [2023-02-07T10:41:22.306Z] Node Version:  v18.0.0
[debug] [2023-02-07T10:41:22.319Z] Time:          Tue Feb 07 2023 10:41:22 GMT+0000 (Greenwich Mean Time)
[debug] [2023-02-07T10:41:22.319Z] ----------------------------------------------------------------------
[debug] 
[debug] [2023-02-07T10:41:22.442Z] > command requires scopes: ["email","openid","https://www.googleapis.com/auth/cloudplatformprojects.readonly","https://www.googleapis.com/auth/firebase","https://www.googleapis.com/auth/cloud-platform"]
[debug] [2023-02-07T10:41:22.443Z] > authorizing via signed-in user (mensahsrora36@gmail.com)
[debug] [2023-02-07T10:41:22.444Z] [iam] checking project tinasrora for permissions ["firebase.projects.get","firebasehosting.sites.update"]
[debug] [2023-02-07T10:41:22.447Z] > refreshing access token with scopes: []
[debug] [2023-02-07T10:41:22.450Z] >>> [apiv2][query] POST https://www.googleapis.com/oauth2/v3/token [none]
[debug] [2023-02-07T10:41:22.451Z] >>> [apiv2][body] POST https://www.googleapis.com/oauth2/v3/token [omitted]
[debug] [2023-02-07T10:41:26.488Z] <<< [apiv2][status] POST https://www.googleapis.com/oauth2/v3/token 200
[debug] [2023-02-07T10:41:26.489Z] <<< [apiv2][body] POST https://www.googleapis.com/oauth2/v3/token [omitted]
[debug] [2023-02-07T10:41:26.526Z] >>> [apiv2][query] POST https://cloudresourcemanager.googleapis.com/v1/projects/tinasrora:testIamPermissions [none]
[debug] [2023-02-07T10:41:26.528Z] >>> [apiv2][(partial)header] POST https://cloudresourcemanager.googleapis.com/v1/projects/tinasrora:testIamPermissions x-goog-quota-user=projects/tinasrora
[debug] [2023-02-07T10:41:26.528Z] >>> [apiv2][body] POST https://cloudresourcemanager.googleapis.com/v1/projects/tinasrora:testIamPermissions {"permissions":["firebase.projects.get","firebasehosting.sites.update"]}
[debug] [2023-02-07T10:41:27.662Z] <<< [apiv2][status] POST https://cloudresourcemanager.googleapis.com/v1/projects/tinasrora:testIamPermissions 200
[debug] [2023-02-07T10:41:27.662Z] <<< [apiv2][body] POST https://cloudresourcemanager.googleapis.com/v1/projects/tinasrora:testIamPermissions {"permissions":["firebase.projects.get","firebasehosting.sites.update"]}
[debug] [2023-02-07T10:41:27.664Z] >>> [apiv2][query] GET https://firebase.googleapis.com/v1beta1/projects/tinasrora [none]
[debug] [2023-02-07T10:41:29.138Z] <<< [apiv2][status] GET https://firebase.googleapis.com/v1beta1/projects/tinasrora 200
[debug] [2023-02-07T10:41:29.138Z] <<< [apiv2][body] GET https://firebase.googleapis.com/v1beta1/projects/tinasrora {"projectId":"tinasrora","projectNumber":"912470127597","displayName":"sikaman-news-twi","name":"projects/tinasrora","resources":{"hostingSite":"tinasrora","realtimeDatabaseInstance":"tinasrora","storageBucket":"tinasrora.appspot.com","locationId":"us-central"},"state":"ACTIVE","etag":"1_bc8ed5b6-f380-4385-abf9-d75d296a8ad7"}
[debug] [2023-02-07T10:41:33.249Z] >>> [apiv2][query] GET https://firebasehosting.googleapis.com/v1beta1/projects/tinasrora/sites pageToken=&pageSize=10
[debug] [2023-02-07T10:41:35.354Z] <<< [apiv2][status] GET https://firebasehosting.googleapis.com/v1beta1/projects/tinasrora/sites 200
[debug] [2023-02-07T10:41:35.354Z] <<< [apiv2][body] GET https://firebasehosting.googleapis.com/v1beta1/projects/tinasrora/sites {"sites":[{"name":"projects/tinasrora/sites/tinasrora","defaultUrl":"https://tinasrora.web.app","type":"DEFAULT_SITE"}]}
[debug] [2023-02-07T10:41:35.355Z] >>> [apiv2][query] GET https://firebasehosting.googleapis.com/v1beta1/projects/tinasrora/sites 
[debug] [2023-02-07T10:41:36.835Z] <<< [apiv2][status] GET https://firebasehosting.googleapis.com/v1beta1/projects/tinasrora/sites 200
[debug] [2023-02-07T10:41:36.836Z] <<< [apiv2][body] GET https://firebasehosting.googleapis.com/v1beta1/projects/tinasrora/sites {"sites":[{"name":"projects/tinasrora/sites/tinasrora","defaultUrl":"https://tinasrora.web.app","type":"DEFAULT_SITE"}]}
[debug] [2023-02-07T10:41:36.837Z] >>> [apiv2][query] GET https://firebase.googleapis.com/v1beta1/projects/tinasrora/webApps/-/config [none]
[debug] [2023-02-07T10:41:39.509Z] <<< [apiv2][status] GET https://firebase.googleapis.com/v1beta1/projects/tinasrora/webApps/-/config 200
[debug] [2023-02-07T10:41:39.509Z] <<< [apiv2][body] GET https://firebase.googleapis.com/v1beta1/projects/tinasrora/webApps/-/config {"projectId":"tinasrora","appId":"1:912470127597:web:0d5a128e831288c00b6de4","databaseURL":"https://tinasrora.firebaseio.com","storageBucket":"tinasrora.appspot.com","locationId":"us-central","apiKey":"AIzaSyASm1L3IjyDnKKIKsLBDyKAPStj06rMcfA","authDomain":"tinasrora.firebaseapp.com","messagingSenderId":"912470127597","measurementId":"G-GLL04LF17K"}
[info] 
[info] === Deploying to 'tinasrora'...
[info] 
[info] i  deploying functions, hosting 
[debug] [2023-02-07T10:42:56.093Z] >>> [apiv2][query] GET https://firebase.googleapis.com/v1beta1/projects/tinasrora [none]
[debug] [2023-02-07T10:42:56.886Z] <<< [apiv2][status] GET https://firebase.googleapis.com/v1beta1/projects/tinasrora 200
[debug] [2023-02-07T10:42:56.887Z] <<< [apiv2][body] GET https://firebase.googleapis.com/v1beta1/projects/tinasrora {"projectId":"tinasrora","projectNumber":"912470127597","displayName":"sikaman-news-twi","name":"projects/tinasrora","resources":{"hostingSite":"tinasrora","realtimeDatabaseInstance":"tinasrora","storageBucket":"tinasrora.appspot.com","locationId":"us-central"},"state":"ACTIVE","etag":"1_bc8ed5b6-f380-4385-abf9-d75d296a8ad7"}
[info] i  functions: preparing codebase firebase-frameworks-tinasrora for deployment 
[info] i  functions: ensuring required API cloudfunctions.googleapis.com is enabled... 
[info] i  functions: ensuring required API cloudbuild.googleapis.com is enabled... 
[info] i  artifactregistry: ensuring required API artifactregistry.googleapis.com is enabled... 
[debug] [2023-02-07T10:42:56.889Z] >>> [apiv2][query] GET https://serviceusage.googleapis.com/v1/projects/tinasrora/services/cloudfunctions.googleapis.com [none]
[debug] [2023-02-07T10:42:56.889Z] >>> [apiv2][(partial)header] GET https://serviceusage.googleapis.com/v1/projects/tinasrora/services/cloudfunctions.googleapis.com x-goog-quota-user=projects/tinasrora
[debug] [2023-02-07T10:42:56.897Z] >>> [apiv2][query] GET https://serviceusage.googleapis.com/v1/projects/tinasrora/services/runtimeconfig.googleapis.com [none]
[debug] [2023-02-07T10:42:56.897Z] >>> [apiv2][(partial)header] GET https://serviceusage.googleapis.com/v1/projects/tinasrora/services/runtimeconfig.googleapis.com x-goog-quota-user=projects/tinasrora
[debug] [2023-02-07T10:42:56.905Z] >>> [apiv2][query] GET https://serviceusage.googleapis.com/v1/projects/tinasrora/services/cloudbuild.googleapis.com [none]
[debug] [2023-02-07T10:42:56.905Z] >>> [apiv2][(partial)header] GET https://serviceusage.googleapis.com/v1/projects/tinasrora/services/cloudbuild.googleapis.com x-goog-quota-user=projects/tinasrora
[debug] [2023-02-07T10:42:56.912Z] >>> [apiv2][query] GET https://serviceusage.googleapis.com/v1/projects/tinasrora/services/artifactregistry.googleapis.com [none]
[debug] [2023-02-07T10:42:56.912Z] >>> [apiv2][(partial)header] GET https://serviceusage.googleapis.com/v1/projects/tinasrora/services/artifactregistry.googleapis.com x-goog-quota-user=projects/tinasrora
[debug] [2023-02-07T10:42:58.256Z] <<< [apiv2][status] GET https://serviceusage.googleapis.com/v1/projects/tinasrora/services/runtimeconfig.googleapis.com 200
[debug] [2023-02-07T10:42:58.256Z] <<< [apiv2][body] GET https://serviceusage.googleapis.com/v1/projects/tinasrora/services/runtimeconfig.googleapis.com [omitted]
[debug] [2023-02-07T10:42:58.286Z] <<< [apiv2][status] GET https://serviceusage.googleapis.com/v1/projects/tinasrora/services/cloudbuild.googleapis.com 200
[debug] [2023-02-07T10:42:58.286Z] <<< [apiv2][body] GET https://serviceusage.googleapis.com/v1/projects/tinasrora/services/cloudbuild.googleapis.com [omitted]
[info] ✔  functions: required API cloudbuild.googleapis.com is enabled 
[debug] [2023-02-07T10:42:58.389Z] <<< [apiv2][status] GET https://serviceusage.googleapis.com/v1/projects/tinasrora/services/cloudfunctions.googleapis.com 200
[debug] [2023-02-07T10:42:58.390Z] <<< [apiv2][body] GET https://serviceusage.googleapis.com/v1/projects/tinasrora/services/cloudfunctions.googleapis.com [omitted]
[info] ✔  functions: required API cloudfunctions.googleapis.com is enabled 
[debug] [2023-02-07T10:42:59.271Z] <<< [apiv2][status] GET https://serviceusage.googleapis.com/v1/projects/tinasrora/services/artifactregistry.googleapis.com 200
[debug] [2023-02-07T10:42:59.271Z] <<< [apiv2][body] GET https://serviceusage.googleapis.com/v1/projects/tinasrora/services/artifactregistry.googleapis.com [omitted]
[info] ✔  artifactregistry: required API artifactregistry.googleapis.com is enabled 
[debug] [2023-02-07T10:42:59.271Z] >>> [apiv2][query] GET https://firebase.googleapis.com/v1beta1/projects/tinasrora/adminSdkConfig [none]
[debug] [2023-02-07T10:43:00.092Z] <<< [apiv2][status] GET https://firebase.googleapis.com/v1beta1/projects/tinasrora/adminSdkConfig 200
[debug] [2023-02-07T10:43:00.092Z] <<< [apiv2][body] GET https://firebase.googleapis.com/v1beta1/projects/tinasrora/adminSdkConfig {"projectId":"tinasrora","databaseURL":"https://tinasrora.firebaseio.com","storageBucket":"tinasrora.appspot.com","locationId":"us-central"}
[debug] [2023-02-07T10:43:00.093Z] >>> [apiv2][query] GET https://runtimeconfig.googleapis.com/v1beta1/projects/tinasrora/configs [none]
[debug] [2023-02-07T10:43:02.155Z] <<< [apiv2][status] GET https://runtimeconfig.googleapis.com/v1beta1/projects/tinasrora/configs 200
[debug] [2023-02-07T10:43:02.155Z] <<< [apiv2][body] GET https://runtimeconfig.googleapis.com/v1beta1/projects/tinasrora/configs {}
[debug] [2023-02-07T10:43:02.158Z] Validating nodejs source
[debug] [2023-02-07T10:43:04.478Z] > [functions] package.json contents: {
  "private": true,
  "scripts": {
    "dev": "next dev",
    "build": "next build",
    "start": "next start"
  },
  "dependencies": {
    "@cloudinary/react": "^1.9.0",
    "@cloudinary/url-gen": "^1.8.7",
    "@headlessui/react": "^1.7.8",
    "@heroicons/react": "^2.0.14",
    "@tanem/react-nprogress": "^5.0.25",
    "axios": "^1.2.6",
    "dayjs": "^1.11.7",
    "firebase": "^9.16.0",
    "firebase-functions": "^4.2.1",
    "gray-matter": "^4.0.3",
    "next": "latest",
    "next-share": "^0.19.0",
    "react": "18.2.0",
    "react-audio-player": "^0.17.0",
    "react-dom": "18.2.0",
    "react-icons": "^4.7.1",
    "reading-time": "^1.5.0",
    "remark": "^14.0.2",
    "remark-html": "^15.0.1",
    "sharp": "^0.31.3",
    "zustand": "^4.3.2",
    "firebase-frameworks": "^0.6.0",
    "firebase-admin": "^11.0.1"
  },
  "main": "server.js",
  "engines": {
    "node": "18"
  }
}
[debug] [2023-02-07T10:43:04.478Z] Building nodejs source
[debug] [2023-02-07T10:43:04.482Z] Found functions.yaml. Got spec: {
  "endpoints": {
    "ssrtinasrora": {
      "platform": "gcfv2",
      "region": [
        "us-central1"
      ],
      "labels": {},
      "httpsTrigger": {},
      "entryPoint": "ssr"
    }
  },
  "specVersion": "v1alpha1",
  "requiredAPIs": []
}
[info] i  functions: Loaded environment variables from .env. 
[info] i  functions: preparing .firebase/tinasrora/functions directory for uploading... 
[info] i  functions: packaged /Users/sroda/Documents/sikaman-news-blog/.firebase/tinasrora/functions (95.54 MB) for uploading 
[debug] [2023-02-07T10:43:19.203Z] >>> [apiv2][query] GET https://cloudfunctions.googleapis.com/v1/projects/tinasrora/locations/-/functions [none]
[debug] [2023-02-07T10:43:20.187Z] <<< [apiv2][status] GET https://cloudfunctions.googleapis.com/v1/projects/tinasrora/locations/-/functions 200
[debug] [2023-02-07T10:43:20.187Z] <<< [apiv2][body] GET https://cloudfunctions.googleapis.com/v1/projects/tinasrora/locations/-/functions {"functions":[{"name":"projects/tinasrora/locations/us-central1/functions/api","httpsTrigger":{"url":"https://us-central1-tinasrora.cloudfunctions.net/api","securityLevel":"SECURE_OPTIONAL"},"status":"ACTIVE","entryPoint":"api","timeout":"60s","availableMemoryMb":256,"serviceAccountEmail":"tinasrora@appspot.gserviceaccount.com","updateTime":"2022-03-03T13:29:52.394Z","versionId":"136","labels":{"deployment-tool":"cli-firebase"},"sourceUploadUrl":"https://storage.googleapis.com/gcf-upload-us-central1-9a3dea8b-0d53-41ac-a4ec-03b837f04adf/fc19ecf4-dc46-4cf6-8f20-efdcf46c0d8c.zip","environmentVariables":{"FIREBASE_CONFIG":"{\"projectId\":\"tinasrora\",\"databaseURL\":\"https://tinasrora.firebaseio.com\",\"storageBucket\":\"tinasrora.appspot.com\",\"locationId\":\"us-central\"}","GCLOUD_PROJECT":"tinasrora"},"runtime":"nodejs12","ingressSettings":"ALLOW_ALL","buildId":"8b1608e5-893f-438c-b8d0-5ee744b1acbc","buildName":"projects/912470127597/locations/us-central1/builds/8b1608e5-893f-438c-b8d0-5ee744b1acbc","dockerRegistry":"CONTAINER_REGISTRY"},{"name":"projects/tinasrora/locations/us-central1/functions/createNotificationOnLike","eventTrigger":{"eventType":"providers/cloud.firestore/eventTypes/document.create","resource":"projects/tinasrora/databases/(default)/documents/likes/{id}","service":"firestore.googleapis.com","failurePolicy":{}},"status":"ACTIVE","entryPoint":"createNotificationOnLike","timeout":"60s","availableMemoryMb":256,"serviceAccountEmail":"tinasrora@appspot.gserviceaccount.com","updateTime":"2022-03-03T13:29:59.517Z","versionId":"80","labels":{"deployment-tool":"cli-firebase"},"sourceUploadUrl":"https://storage.googleapis.com/gcf-upload-us-central1-9a3dea8b-0d53-41ac-a4ec-03b837f04adf/fc19ecf4-dc46-4cf6-8f20-efdcf46c0d8c.zip","environmentVariables":{"FIREBASE_CONFIG":"{\"projectId\":\"tinasrora\",\"databaseURL\":\"https://tinasrora.firebaseio.com\",\"storageBucket\":\"tinasrora.appspot.com\",\"locationId\":\"us-central\"}","GCLOUD_PROJECT":"tinasrora"},"runtime":"nodejs12","ingressSettings":"ALLOW_ALL","buildId":"8b1608e5-893f-438c-b8d0-5ee744b1acbc","buildName":"projects/912470127597/locations/us-central1/builds/8b1608e5-893f-438c-b8d0-5ee744b1acbc","dockerRegistry":"CONTAINER_REGISTRY"},{"name":"projects/tinasrora/locations/us-central1/functions/createNotificationOncomment","eventTrigger":{"eventType":"providers/cloud.firestore/eventTypes/document.create","resource":"projects/tinasrora/databases/(default)/documents/comments/{id}","service":"firestore.googleapis.com","failurePolicy":{}},"status":"ACTIVE","entryPoint":"createNotificationOncomment","timeout":"60s","availableMemoryMb":256,"serviceAccountEmail":"tinasrora@appspot.gserviceaccount.com","updateTime":"2022-03-03T13:29:58.686Z","versionId":"79","labels":{"deployment-tool":"cli-firebase"},"sourceUploadUrl":"https://storage.googleapis.com/gcf-upload-us-central1-9a3dea8b-0d53-41ac-a4ec-03b837f04adf/fc19ecf4-dc46-4cf6-8f20-efdcf46c0d8c.zip","environmentVariables":{"FIREBASE_CONFIG":"{\"projectId\":\"tinasrora\",\"databaseURL\":\"https://tinasrora.firebaseio.com\",\"storageBucket\":\"tinasrora.appspot.com\",\"locationId\":\"us-central\"}","GCLOUD_PROJECT":"tinasrora"},"runtime":"nodejs12","ingressSettings":"ALLOW_ALL","buildId":"8b1608e5-893f-438c-b8d0-5ee744b1acbc","buildName":"projects/912470127597/locations/us-central1/builds/8b1608e5-893f-438c-b8d0-5ee744b1acbc","dockerRegistry":"CONTAINER_REGISTRY"},{"name":"projects/tinasrora/locations/us-central1/functions/deleteNotificationOnUnLike","eventTrigger":{"eventType":"providers/cloud.firestore/eventTypes/document.delete","resource":"projects/tinasrora/databases/(default)/documents/likes/{id}","service":"firestore.googleapis.com","failurePolicy":{}},"status":"ACTIVE","entryPoint":"deleteNotificationOnUnLike","timeout":"60s","availableMemoryMb":256,"serviceAccountEmail":"tinasrora@appspot.gserviceaccount.com","updateTime":"2022-03-03T13:29:53.353Z","versionId":"78","labels":{"deployment-tool":"cli-firebase"},"sourceUploadUrl":"https://storage.googleapis.com/gcf-upload-us-central1-9a3dea8b-0d53-41ac-a4ec-03b837f04adf/fc19ecf4-dc46-4cf6-8f20-efdcf46c0d8c.zip","environmentVariables":{"FIREBASE_CONFIG":"{\"projectId\":\"tinasrora\",\"databaseURL\":\"https://tinasrora.firebaseio.com\",\"storageBucket\":\"tinasrora.appspot.com\",\"locationId\":\"us-central\"}","GCLOUD_PROJECT":"tinasrora"},"runtime":"nodejs12","ingressSettings":"ALLOW_ALL","buildId":"8b1608e5-893f-438c-b8d0-5ee744b1acbc","buildName":"projects/912470127597/locations/us-central1/builds/8b1608e5-893f-438c-b8d0-5ee744b1acbc","dockerRegistry":"CONTAINER_REGISTRY"},{"name":"projects/tinasrora/locations/us-central1/functions/onPostDelete","eventTrigger":{"eventType":"providers/cloud.firestore/eventTypes/document.delete","resource":"projects/tinasrora/databases/(default)/documents/posts/{postId}","service":"firestore.googleapis.com","failurePolicy":{}},"status":"ACTIVE","entryPoint":"onPostDelete","timeout":"60s","availableMemoryMb":256,"serviceAccountEmail":"tinasrora@appspot.gserviceaccount.com","updateTime":"2022-03-03T13:29:55.439Z","versionId":"20","labels":{"deployment-tool":"cli-firebase"},"sourceUploadUrl":"https://storage.googleapis.com/gcf-upload-us-central1-9a3dea8b-0d53-41ac-a4ec-03b837f04adf/fc19ecf4-dc46-4cf6-8f20-efdcf46c0d8c.zip","environmentVariables":{"FIREBASE_CONFIG":"{\"projectId\":\"tinasrora\",\"databaseURL\":\"https://tinasrora.firebaseio.com\",\"storageBucket\":\"tinasrora.appspot.com\",\"locationId\":\"us-central\"}","GCLOUD_PROJECT":"tinasrora"},"runtime":"nodejs12","ingressSettings":"ALLOW_ALL","buildId":"8b1608e5-893f-438c-b8d0-5ee744b1acbc","buildName":"projects/912470127597/locations/us-central1/builds/8b1608e5-893f-438c-b8d0-5ee744b1acbc","dockerRegistry":"CONTAINER_REGISTRY"},{"name":"projects/tinasrora/locations/us-central1/functions/onUserImageChange","eventTrigger":{"eventType":"providers/cloud.firestore/eventTypes/document.update","resource":"projects/tinasrora/databases/(default)/documents/users/{userId}","service":"firestore.googleapis.com","failurePolicy":{}},"status":"ACTIVE","entryPoint":"onUserImageChange","timeout":"60s","availableMemoryMb":256,"serviceAccountEmail":"tinasrora@appspot.gserviceaccount.com","updateTime":"2022-03-03T13:29:55.350Z","versionId":"73","labels":{"deployment-tool":"cli-firebase"},"sourceUploadUrl":"https://storage.googleapis.com/gcf-upload-us-central1-9a3dea8b-0d53-41ac-a4ec-03b837f04adf/fc19ecf4-dc46-4cf6-8f20-efdcf46c0d8c.zip","environmentVariables":{"FIREBASE_CONFIG":"{\"projectId\":\"tinasrora\",\"databaseURL\":\"https://tinasrora.firebaseio.com\",\"storageBucket\":\"tinasrora.appspot.com\",\"locationId\":\"us-central\"}","GCLOUD_PROJECT":"tinasrora"},"runtime":"nodejs12","ingressSettings":"ALLOW_ALL","buildId":"8b1608e5-893f-438c-b8d0-5ee744b1acbc","buildName":"projects/912470127597/locations/us-central1/builds/8b1608e5-893f-438c-b8d0-5ee744b1acbc","dockerRegistry":"CONTAINER_REGISTRY"}]}
[debug] [2023-02-07T10:43:20.190Z] >>> [apiv2][query] GET https://cloudfunctions.googleapis.com/v2/projects/tinasrora/locations/-/functions filter=environment%3D%22GEN_2%22
[debug] [2023-02-07T10:43:21.660Z] <<< [apiv2][status] GET https://cloudfunctions.googleapis.com/v2/projects/tinasrora/locations/-/functions 200
[debug] [2023-02-07T10:43:21.660Z] <<< [apiv2][body] GET https://cloudfunctions.googleapis.com/v2/projects/tinasrora/locations/-/functions {"functions":[{"name":"projects/tinasrora/locations/us-central1/functions/ssrtinasrora","buildConfig":{"build":"projects/912470127597/locations/us-central1/builds/abcbcb25-3101-4653-979d-9752f3783945","runtime":"nodejs18","entryPoint":"ssr","source":{"storageSource":{"bucket":"gcf-v2-sources-912470127597-us-central1","object":"ssrtinasrora/function-source.zip"}},"sourceProvenance":{"resolvedStorageSource":{"bucket":"gcf-v2-sources-912470127597-us-central1","object":"ssrtinasrora/function-source.zip","generation":"1675764202748276"}}},"state":"FAILED","updateTime":"2023-02-07T10:04:46.886205961Z","labels":{"deployment-tool":"cli-firebase","firebase-functions-codebase":"firebase-frameworks-tinasrora","firebase-functions-hash":"84ba2ba60a93c4735dbd285306670c217843f9bd"},"stateMessages":[{"severity":"ERROR","type":"CloudRunServiceNotFound","message":"Cloud Run service projects/tinasrora/locations/us-central1/services/ssrtinasrora for the function was not found. The function will not work correctly. Please redeploy."}],"environment":"GEN_2"}]}
[debug] [2023-02-07T10:43:22.302Z] TypeError: Cannot read properties of undefined (reading 'service')
    at /Users/sroda/.nvm/versions/node/v18.0.0/lib/node_modules/firebase-tools/lib/deploy/functions/backend.js:198:113
    at Array.map (<anonymous>)
    at loadExistingBackend (/Users/sroda/.nvm/versions/node/v18.0.0/lib/node_modules/firebase-tools/lib/deploy/functions/backend.js:198:69)
    at process.processTicksAndRejections (node:internal/process/task_queues:95:5)
    at async Object.existingBackend (/Users/sroda/.nvm/versions/node/v18.0.0/lib/node_modules/firebase-tools/lib/deploy/functions/backend.js:174:9)
    at async prepare (/Users/sroda/.nvm/versions/node/v18.0.0/lib/node_modules/firebase-tools/lib/deploy/functions/prepare.js:138:115)
    at async chain (/Users/sroda/.nvm/versions/node/v18.0.0/lib/node_modules/firebase-tools/lib/deploy/index.js:35:9)
    at async deploy (/Users/sroda/.nvm/versions/node/v18.0.0/lib/node_modules/firebase-tools/lib/deploy/index.js:79:5)
[error] 
[error] Error: An unexpected error has occurred.
